<?xml version="1.0" encoding="UTF-8"?>
<testng-results ignored="0" total="1" passed="1" failed="0" skipped="0">
  <reporter-output>
  </reporter-output>
  <suite started-at="2021-04-13T09:10:45Z" name="inetBanking" finished-at="2021-04-13T09:10:58Z" duration-ms="13034">
    <groups>
    </groups>
    <test started-at="2021-04-13T09:10:45Z" name="Banking App Test" finished-at="2021-04-13T09:10:58Z" duration-ms="13034">
      <class name="com.inetBanking.testCases.TC_LoginTest_001">
        <test-method is-config="true" signature="setUp(java.lang.String)[pri:0, instance:com.inetBanking.testCases.TC_LoginTest_001@9b524c53]" started-at="2021-04-13T09:10:45Z" name="setUp" finished-at="2021-04-13T09:10:54Z" duration-ms="9007" status="PASS">
          <params>
            <param index="0">
              <value>
                <![CDATA[chrome]]>
              </value>
            </param>
          </params>
          <reporter-output>
          </reporter-output>
        </test-method> <!-- setUp -->
        <test-method signature="loginTest()[pri:0, instance:com.inetBanking.testCases.TC_LoginTest_001@9b524c53]" started-at="2021-04-13T09:10:54Z" name="loginTest" finished-at="2021-04-13T09:10:58Z" duration-ms="3313" status="PASS">
          <reporter-output>
          </reporter-output>
        </test-method> <!-- loginTest -->
        <test-method is-config="true" signature="tearDown()[pri:0, instance:com.inetBanking.testCases.TC_LoginTest_001@9b524c53]" started-at="2021-04-13T09:10:58Z" name="tearDown" finished-at="2021-04-13T09:10:58Z" duration-ms="622" status="PASS">
          <reporter-output>
          </reporter-output>
        </test-method> <!-- tearDown -->
      </class> <!-- com.inetBanking.testCases.TC_LoginTest_001 -->
    </test> <!-- Banking App Test -->
  </suite> <!-- inetBanking -->
</testng-results>
